2025-12-02 17:42:32,631 - INFO - Plan created: {
  "query_type": "complex",
  "thought": "This is a disjunctive (OR) query. The user wants to find all side effects for Ampicillin and all side effects for Cefaclor. Plan: 1. Get 'SideEffect' nodes caused by the 'Compound' named 'Ampicillin' (Set A). 2. Get 'SideEffect' nodes caused by the 'Compound' named 'Cefaclor' (Set B). 3. Combine the two sets using a UNION operation.",
  "entities": [
    {
      "name_in_query": "Ampicillin",
      "normalized_type": "Compound",
      "id_placeholder": "ampicillin_entity"
    },
    {
      "name_in_query": "Cefaclor",
      "normalized_type": "Compound",
      "id_placeholder": "cefaclor_entity"
    }
  ],
  "plan": [
    {
      "step": 1,
      "description": "Get side effects caused by 'Ampicillin' (Set A)",
      "api_call": "/api/v1/neighborhood/Compound/name/Ampicillin?edge_filters=CAUSES_CcSE&node_filters=SideEffect",
      "logic": null,
      "inputs": null,
      "store_as": "side_effects_A"
    },
    {
      "step": 2,
      "description": "Get side effects caused by 'Cefaclor' (Set B)",
      "api_call": "/api/v1/neighborhood/Compound/name/Cefaclor?edge_filters=CAUSES_CcSE&node_filters=SideEffect",
      "logic": null,
      "inputs": null,
      "store_as": "side_effects_B"
    },
    {
      "step": 3,
      "description": "Find the union of the two side effect lists",
      "api_call": null,
      "logic": "UNION",
      "inputs": [
        "side_effects_A",
        "side_effects_B"
      ],
      "store_as": "final_result"
    }
  ]
}
2025-12-02 17:42:37,818 - INFO - Context store: {
  "side_effects_A": [
    {
      "name": "Diarrhoea",
      "type": "SideEffect",
      "prev_node": "Ampicillin",
      "identifier": "C0011991"
    },
    {
      "name": "Pruritus",
      "type": "SideEffect",
      "prev_node": "Ampicillin",
      "identifier": "C0033774"
    },
    {
      "name": "Thrombocytopenia",
      "type": "SideEffect",
      "prev_node": "Ampicillin",
      "identifier": "C0040034"
    },
    {
      "name": "Eosinophilia",
      "type": "SideEffect",
      "prev_node": "Ampicillin",
      "identifier": "C0014457"
    },
    {
      "name": "Pseudomembranous colitis",
      "type": "SideEffect",
      "prev_node": "Ampicillin",
      "identifier": "C1257843"
    },
    {
      "name": "Anaphylactic shock",
      "type": "SideEffect",
      "prev_node": "Ampicillin",
      "identifier": "C0002792"
    },
    {
      "name": "Nausea",
      "type": "SideEffect",
      "prev_node": "Ampicillin",
      "identifier": "C0027497"
    },
    {
      "name": "Anaemia",
      "type": "SideEffect",
      "prev_node": "Ampicillin",
      "identifier": "C0002871"
    },
    {
      "name": "Erythema multiforme",
      "type": "SideEffect",
      "prev_node": "Ampicillin",
      "identifier": "C0014742"
    },
    {
      "name": "Rash",
      "type": "SideEffect",
      "prev_node": "Ampicillin",
      "identifier": "C0015230"
    },
    {
      "name": "Vomiting",
      "type": "SideEffect",
      "prev_node": "Ampicillin",
      "identifier": "C0042963"
    },
    {
      "name": "Dermatitis",
      "type": "SideEffect",
      "prev_node": "Ampicillin",
      "identifier": "C0011603"
    },
    {
      "name": "Leukopenia",
      "type": "SideEffect",
      "prev_node": "Ampicillin",
      "identifier": "C0023530"
    },
    {
      "name": "Dermatitis exfoliative",
      "type": "SideEffect",
      "prev_node": "Ampicillin",
      "identifier": "C0011606"
    },
    {
      "name": "Anaphylactoid reaction",
      "type": "SideEffect",
      "prev_node": "Ampicillin",
      "identifier": "C0340865"
    }
  ],
  "side_effects_B": [
    {
      "name": "Drug hypersensitivity",
      "type": "SideEffect",
      "prev_node": "Cefaclor",
      "identifier": "C0013182"
    },
    {
      "name": "Anaphylactic shock",
      "type": "SideEffect",
      "prev_node": "Cefaclor",
      "identifier": "C0002792"
    },
    {
      "name": "Urticaria",
      "type": "SideEffect",
      "prev_node": "Cefaclor",
      "identifier": "C0042109"
    },
    {
      "name": "Thrombocytopenia",
      "type": "SideEffect",
      "prev_node": "Cefaclor",
      "identifier": "C0040034"
    },
    {
      "name": "Pseudomembranous colitis",
      "type": "SideEffect",
      "prev_node": "Cefaclor",
      "identifier": "C1257843"
    },
    {
      "name": "Neutropenia",
      "type": "SideEffect",
      "prev_node": "Cefaclor",
      "identifier": "C0027947"
    },
    {
      "name": "Colitis",
      "type": "SideEffect",
      "prev_node": "Cefaclor",
      "identifier": "C0009319"
    },
    {
      "name": "Diarrhoea",
      "type": "SideEffect",
      "prev_node": "Cefaclor",
      "identifier": "C0011991"
    },
    {
      "name": "Angioedema",
      "type": "SideEffect",
      "prev_node": "Cefaclor",
      "identifier": "C0002994"
    },
    {
      "name": "Rash",
      "type": "SideEffect",
      "prev_node": "Cefaclor",
      "identifier": "C0015230"
    },
    {
      "name": "Vomiting",
      "type": "SideEffect",
      "prev_node": "Cefaclor",
      "identifier": "C0042963"
    },
    {
      "name": "Abdominal pain",
      "type": "SideEffect",
      "prev_node": "Cefaclor",
      "identifier": "C0000737"
    },
    {
      "name": "Eosinophilia",
      "type": "SideEffect",
      "prev_node": "Cefaclor",
      "identifier": "C0014457"
    },
    {
      "name": "Nausea",
      "type": "SideEffect",
      "prev_node": "Cefaclor",
      "identifier": "C0027497"
    }
  ],
  "final_result": [
    {
      "name": "Diarrhoea",
      "type": "SideEffect",
      "prev_node": "Cefaclor",
      "identifier": "C0011991"
    },
    {
      "name": "Pruritus",
      "type": "SideEffect",
      "prev_node": "Ampicillin",
      "identifier": "C0033774"
    },
    {
      "name": "Thrombocytopenia",
      "type": "SideEffect",
      "prev_node": "Cefaclor",
      "identifier": "C0040034"
    },
    {
      "name": "Eosinophilia",
      "type": "SideEffect",
      "prev_node": "Cefaclor",
      "identifier": "C0014457"
    },
    {
      "name": "Pseudomembranous colitis",
      "type": "SideEffect",
      "prev_node": "Cefaclor",
      "identifier": "C1257843"
    },
    {
      "name": "Anaphylactic shock",
      "type": "SideEffect",
      "prev_node": "Cefaclor",
      "identifier": "C0002792"
    },
    {
      "name": "Nausea",
      "type": "SideEffect",
      "prev_node": "Cefaclor",
      "identifier": "C0027497"
    },
    {
      "name": "Anaemia",
      "type": "SideEffect",
      "prev_node": "Ampicillin",
      "identifier": "C0002871"
    },
    {
      "name": "Erythema multiforme",
      "type": "SideEffect",
      "prev_node": "Ampicillin",
      "identifier": "C0014742"
    },
    {
      "name": "Rash",
      "type": "SideEffect",
      "prev_node": "Cefaclor",
      "identifier": "C0015230"
    },
    {
      "name": "Vomiting",
      "type": "SideEffect",
      "prev_node": "Cefaclor",
      "identifier": "C0042963"
    },
    {
      "name": "Dermatitis",
      "type": "SideEffect",
      "prev_node": "Ampicillin",
      "identifier": "C0011603"
    },
    {
      "name": "Leukopenia",
      "type": "SideEffect",
      "prev_node": "Ampicillin",
      "identifier": "C0023530"
    },
    {
      "name": "Dermatitis exfoliative",
      "type": "SideEffect",
      "prev_node": "Ampicillin",
      "identifier": "C0011606"
    },
    {
      "name": "Anaphylactoid reaction",
      "type": "SideEffect",
      "prev_node": "Ampicillin",
      "identifier": "C0340865"
    }
  ]
}
2025-12-02 17:42:37,821 - INFO - Execution completed. Final Context Store is ready.
2025-12-02 17:42:56,463 - INFO - Final answer generated.
2025-12-02 17:42:56,463 - INFO - Final answer: Dựa trên thông tin được cung cấp, đây là các tác dụng phụ liên quan đến thuốc Ampicillin và Cefaclor:

**Tác dụng phụ của Ampicillin:**
Dữ liệu cho thấy Ampicillin có liên quan đến các tác dụng phụ sau:
*   Tiêu chảy (Diarrhoea)
*   Ngứa (Pruritus)
*   Giảm tiểu cầu (Thrombocytopenia)
*   Tăng bạch cầu ái toan (Eosinophilia)
*   Viêm đại tràng giả mạc (Pseudomembranous colitis)
*   Sốc phản vệ (Anaphylactic shock)
*   Buồn nôn (Nausea)
*   Thiếu máu (Anaemia)
*   Hồng ban đa dạng (Erythema multiforme)
*   Phát ban (Rash)
*   Nôn mửa (Vomiting)
*   Viêm da (Dermatitis)
*   Giảm bạch cầu (Leukopenia)
*   Viêm da tróc vảy (Dermatitis exfoliative)
*   Phản ứng dạng phản vệ (Anaphylactoid reaction)

**Tác dụng phụ của Cefaclor:**
Tương tự, Cefaclor có thể gây ra các tác dụng phụ bao gồm:
*   Quá mẫn với thuốc (Drug hypersensitivity)
*   Sốc phản vệ (Anaphylactic shock)
*   Nổi mề đay (Urticaria)
*   Giảm tiểu cầu (Thrombocytopenia)
*   Viêm đại tràng giả mạc (Pseudomembranous colitis)
*   Giảm bạch cầu trung tính (Neutropenia)
*   Viêm đại tràng (Colitis)
*   Tiêu chảy (Diarrhoea)
*   Phù mạch (Angioedema)
*   Phát ban (Rash)
*   Nôn mửa (Vomiting)
*   Đau bụng (Abdominal pain)
*   Tăng bạch cầu ái toan (Eosinophilia)
*   Buồn nôn (Nausea)

Có thể thấy, cả hai loại thuốc này đều có một số tác dụng phụ chung như tiêu chảy, buồn nôn, nôn mửa, phát ban, giảm tiểu cầu và sốc phản vệ.

Lưu ý: Thông tin này chỉ mang tính tham khảo và không thể thay thế cho lời khuyên, chẩn đoán hoặc điều trị y tế chuyên nghiệp.
2025-12-02 17:42:56,463 - INFO - Final title: None
2025-12-02 17:42:56,463 - INFO - End time: 1764672176.4631913
2025-12-02 17:42:56,463 - INFO - Total time for entire processing: 36.83747839927673
2025-12-02 17:42:56,478 - INFO - WebSocket connection closed.
2025-12-02 17:42:56,587 - INFO - Server is shutting down...
2025-12-02 17:43:00,254 - INFO - Server is starting up...
2025-12-02 17:43:00,254 - INFO - ==================== ALL AI MODULES INITIALIZED SUCCESSFULLY ====================
2025-12-02 17:47:26,529 - INFO - Server is shutting down...
2025-12-02 17:47:27,671 - INFO - Server is starting up...
2025-12-02 17:47:27,673 - INFO - ==================== ALL AI MODULES INITIALIZED SUCCESSFULLY ====================
2025-12-02 17:47:28,366 - INFO - Server is shutting down...
2025-12-02 17:47:29,369 - INFO - Server is starting up...
2025-12-02 17:47:29,369 - INFO - ==================== ALL AI MODULES INITIALIZED SUCCESSFULLY ====================
2025-12-02 17:47:44,544 - INFO - Server is shutting down...
2025-12-02 17:47:45,663 - INFO - Server is starting up...
2025-12-02 17:47:45,665 - INFO - ==================== ALL AI MODULES INITIALIZED SUCCESSFULLY ====================
2025-12-02 17:47:51,750 - INFO - Server is shutting down...
